<?xml version="1.0" encoding="UTF-8"?>
<testsuite name="it.unicam.mgc.watchcollection.DataParserTest" tests="1" skipped="0" failures="0" errors="0" timestamp="2023-06-29T15:13:08" hostname="MASTERMATE" time="0.772">
  <properties/>
  <testcase name="testParser()" classname="it.unicam.mgc.watchcollection.DataParserTest" time="0.772"/>
  <system-out><![CDATA[]]></system-out>
  <system-err><![CDATA[SLF4J: Failed to load class "org.slf4j.impl.StaticLoggerBinder".
SLF4J: Defaulting to no-operation (NOP) logger implementation
SLF4J: See http://www.slf4j.org/codes.html#StaticLoggerBinder for further details.
]]></system-err>
</testsuite>
